<?xml version="1.0" encoding="UTF-8"?>
<testsuite xmlns:xsi="http://www.w3.org/2001/XMLSchema-instance" xsi:noNamespaceSchemaLocation="https://maven.apache.org/surefire/maven-surefire-plugin/xsd/surefire-test-report-3.0.xsd" version="3.0" name="com.mycompany.lab2.tests.SongParamTest" time="0.053" tests="31" errors="0" skipped="0" failures="0">
  <properties>
[...]
</properties>
  <testcase name="setTitle_invalid_throwsIAE(String)[1]" classname="com.mycompany.lab2.tests.SongParamTest" time="0.002"/>
  <testcase name="setTitle_invalid_throwsIAE(String)[2]" classname="com.mycompany.lab2.tests.SongParamTest" time="0.002"/>
  <testcase name="setTitle_invalid_throwsIAE(String)[3]" classname="com.mycompany.lab2.tests.SongParamTest" time="0.0"/>
  <testcase name="setTitle_invalid_throwsIAE(String)[4]" classname="com.mycompany.lab2.tests.SongParamTest" time="0.0"/>
  <testcase name="setYear_invalid_throwsIAE(int)[1]" classname="com.mycompany.lab2.tests.SongParamTest" time="0.002"/>
  <testcase name="setYear_invalid_throwsIAE(int)[2]" classname="com.mycompany.lab2.tests.SongParamTest" time="0.0"/>
  <testcase name="constructor_invalidYear_throwsIAE(int)[1]" classname="com.mycompany.lab2.tests.SongParamTest" time="0.001"/>
  <testcase name="constructor_invalidYear_throwsIAE(int)[2]" classname="com.mycompany.lab2.tests.SongParamTest" time="0.0"/>
  <testcase name="toString_formatsAsExpected(Song, String)[1]" classname="com.mycompany.lab2.tests.SongParamTest" time="0.001"/>
  <testcase name="toString_formatsAsExpected(Song, String)[2]" classname="com.mycompany.lab2.tests.SongParamTest" time="0.001"/>
  <testcase name="constructor_validParameters_createsSong(String, String, int)[1]" classname="com.mycompany.lab2.tests.SongParamTest" time="0.0"/>
  <testcase name="constructor_validParameters_createsSong(String, String, int)[2]" classname="com.mycompany.lab2.tests.SongParamTest" time="0.0"/>
  <testcase name="constructor_validParameters_createsSong(String, String, int)[3]" classname="com.mycompany.lab2.tests.SongParamTest" time="0.0"/>
  <testcase name="constructor_invalidTitle_throwsIAE(String)[1]" classname="com.mycompany.lab2.tests.SongParamTest" time="0.001"/>
  <testcase name="constructor_invalidTitle_throwsIAE(String)[2]" classname="com.mycompany.lab2.tests.SongParamTest" time="0.0"/>
  <testcase name="constructor_invalidTitle_throwsIAE(String)[3]" classname="com.mycompany.lab2.tests.SongParamTest" time="0.001"/>
  <testcase name="constructor_invalidTitle_throwsIAE(String)[4]" classname="com.mycompany.lab2.tests.SongParamTest" time="0.001"/>
  <testcase name="constructor_invalidArtist_throwsIAE(String)[1]" classname="com.mycompany.lab2.tests.SongParamTest" time="0.001"/>
  <testcase name="constructor_invalidArtist_throwsIAE(String)[2]" classname="com.mycompany.lab2.tests.SongParamTest" time="0.001"/>
  <testcase name="constructor_invalidArtist_throwsIAE(String)[3]" classname="com.mycompany.lab2.tests.SongParamTest" time="0.001"/>
  <testcase name="constructor_invalidArtist_throwsIAE(String)[4]" classname="com.mycompany.lab2.tests.SongParamTest" time="0.0"/>
  <testcase name="setArtist_invalid_throwsIAE(String)[1]" classname="com.mycompany.lab2.tests.SongParamTest" time="0.001"/>
  <testcase name="setArtist_invalid_throwsIAE(String)[2]" classname="com.mycompany.lab2.tests.SongParamTest" time="0.001"/>
  <testcase name="setArtist_invalid_throwsIAE(String)[3]" classname="com.mycompany.lab2.tests.SongParamTest" time="0.0"/>
  <testcase name="setArtist_invalid_throwsIAE(String)[4]" classname="com.mycompany.lab2.tests.SongParamTest" time="0.001"/>
  <testcase name="setArtist_valid_trimsAndSets(String)[1]" classname="com.mycompany.lab2.tests.SongParamTest" time="0.001"/>
  <testcase name="setArtist_valid_trimsAndSets(String)[2]" classname="com.mycompany.lab2.tests.SongParamTest" time="0.001"/>
  <testcase name="setYear_validBoundaries_ok(int)[1]" classname="com.mycompany.lab2.tests.SongParamTest" time="0.0"/>
  <testcase name="setYear_validBoundaries_ok(int)[2]" classname="com.mycompany.lab2.tests.SongParamTest" time="0.0"/>
  <testcase name="setTitle_valid_trimsAndSets(String)[1]" classname="com.mycompany.lab2.tests.SongParamTest" time="0.001"/>
  <testcase name="setTitle_valid_trimsAndSets(String)[2]" classname="com.mycompany.lab2.tests.SongParamTest" time="0.001"/>
</testsuite>